Mplus VERSION 8.10 (Mac)
MUTHEN & MUTHEN
08/14/2023   2:15 AM

INPUT INSTRUCTIONS

  DATA:
  FILE = "elpi_2010_2012_anx.dat";

  VARIABLE:
  NAMES = p10 p33 p37 p43 p47 p50 p68 p73 p87 p90 p96 id_i time;
   MISSING=.;


  USEVARIABLES =
  p10-p96
  time
  ;

  CATEGORICAL =
  p10-p96;

  CLASSES = c(2);

  KNOWNCLASS = c(time =
  0     !wave 2010
  1     !wave 2012
  );

  IDVARIABLE = id_i;

  ANALYSIS:

  TYPE = MIXTURE;
  ESTIMATOR = MLR;
  ALGORITHM = INTEGRATION;


  MODEL:


  %OVERALL%
  eta by p10@1;
  eta by p33@1;
  eta by p37@1;
  eta by p43@1;
  eta by p47@1;
  eta by p50@1;
  eta by p68@1;
  eta by p73@1;
  eta by p87@1;
  eta by p90@1;
  eta by p96@1;

  %c#1%
  eta by p10@1;
  eta by p33@1;
  eta by p37@1;
  eta by p43@1;
  eta by p47@1;
  eta by p50@1;
  eta by p68@1;
  eta by p73@1;
  eta by p87@1;
  eta by p90@1;
  eta by p96@1;

  !specific delta
  [p10$1] (a10_1);
  [p33$1] (a33_1);
  [p37$1] (a37_1);
  [p47$1] (a47_1);
  [p50$1] (a50_1);
  [p73$1] (a73_1);
  [p87$1] (a87_1);
  [p96$1] (a96_1);
  [p10$2] (a10_2);
  [p33$2] (a33_2);
  [p37$2] (a37_2);
  [p47$2] (a47_2);
  [p50$2] (a50_2);
  [p73$2] (a73_2);
  [p87$2] (a87_2);
  [p96$2] (a96_2);

  !latent mean
  [eta@0];

  !variance;
  eta(psi);

  !common deltas
  [p43$1] (c43_1);
  [p43$2] (c43_2);
  [p68$1] (c68_1);
  [p68$2] (c68_2);
  [p90$1] (c90_1);
  [p90$2] (c90_2);

  %c#2%
  eta by p10@1;
  eta by p33@1;
  eta by p37@1;
  eta by p43@1;
  eta by p47@1;
  eta by p50@1;
  eta by p68@1;
  eta by p73@1;
  eta by p87@1;
  eta by p90@1;
  eta by p96@1;

  !specific delta
  [p10$1] (b10_1);
  [p33$1] (b33_1);
  [p37$1] (b37_1);
  [p47$1] (b47_1);
  [p50$1] (b50_1);
  [p73$1] (b73_1);
  [p87$1] (b87_1);
  [p96$1] (b96_1);
  [p10$2] (b10_2);
  [p33$2] (b33_2);
  [p37$2] (b37_2);
  [p47$2] (b47_2);
  [p50$2] (b50_2);
  [p73$2] (b73_2);
  [p87$2] (b87_2);
  [p96$2] (b96_2);


  !free latent mean
  [eta];

  !variance;
  eta(psi);

  !common deltas
  [p43$1] (c43_1);
  [p43$2] (c43_2);
  [p68$1] (c68_1);
  [p68$2] (c68_2);
  [p90$1] (c90_1);
  [p90$2] (c90_2);



  OUTPUT:

  CINTERVAL
  RESIDUAL
  ;

  SAVEDATA:

  FILE = grm_04_scaled_eta.dat;
  SAVE = FSCORES;




INPUT READING TERMINATED NORMALLY




SUMMARY OF ANALYSIS

Number of groups                                                 1
Number of observations                                       14014

Number of dependent variables                                   11
Number of independent variables                                  0
Number of continuous latent variables                            1
Number of categorical latent variables                           1

Observed dependent variables

  Binary and ordered categorical (ordinal)
   P10         P33         P37         P43         P47         P50
   P68         P73         P87         P90         P96

Continuous latent variables
   ETA

Categorical latent variables
   C

  Knownclass            C

Variables with special functions

  ID variable           ID_I

Estimator                                                      MLR
Information matrix                                        OBSERVED
Optimization Specifications for the Quasi-Newton Algorithm for
Continuous Outcomes
  Maximum number of iterations                                 100
  Convergence criterion                                  0.100D-05
Optimization Specifications for the EM Algorithm
  Maximum number of iterations                                 500
  Convergence criteria
    Loglikelihood change                                 0.100D-02
    Relative loglikelihood change                        0.100D-05
    Derivative                                           0.100D-02
Optimization Specifications for the M step of the EM Algorithm for
Categorical Latent variables
  Number of M step iterations                                    1
  M step convergence criterion                           0.100D-02
  Basis for M step termination                           ITERATION
Optimization Specifications for the M step of the EM Algorithm for
Censored, Binary or Ordered Categorical (Ordinal), Unordered
Categorical (Nominal) and Count Outcomes
  Number of M step iterations                                    1
  M step convergence criterion                           0.100D-02
  Basis for M step termination                           ITERATION
  Maximum value for logit thresholds                            15
  Minimum value for logit thresholds                           -15
  Minimum expected cell size for chi-square              0.100D-01
Maximum number of iterations for H1                           2000
Convergence criterion for H1                             0.100D-03
Optimization algorithm                                         EMA
Integration Specifications
  Type                                                    STANDARD
  Number of integration points                                  15
  Dimensions of numerical integration                            1
  Adaptive quadrature                                           ON
Link                                                         LOGIT
Cholesky                                                        ON

Input data file(s)
  elpi_2010_2012_anx.dat
Input data format  FREE


SUMMARY OF DATA

     Number of missing data patterns             1
     Number of y missing data patterns           0
     Number of u missing data patterns           1


COVARIANCE COVERAGE OF DATA

Minimum covariance coverage value   0.100


UNIVARIATE PROPORTIONS AND COUNTS FOR CATEGORICAL VARIABLES

    P10
      Category 1    0.270         3786.000
      Category 2    0.313         4392.000
      Category 3    0.416         5836.000
    P33
      Category 1    0.502         7039.000
      Category 2    0.245         3435.000
      Category 3    0.253         3540.000
    P37
      Category 1    0.484         6782.000
      Category 2    0.234         3279.000
      Category 3    0.282         3953.000
    P43
      Category 1    0.852        11938.000
      Category 2    0.117         1642.000
      Category 3    0.031          434.000
    P47
      Category 1    0.574         8040.000
      Category 2    0.259         3633.000
      Category 3    0.167         2341.000
    P50
      Category 1    0.784        10992.000
      Category 2    0.135         1887.000
      Category 3    0.081         1135.000
    P68
      Category 1    0.469         6573.000
      Category 2    0.345         4841.000
      Category 3    0.186         2600.000
    P73
      Category 1    0.656         9190.000
      Category 2    0.265         3707.000
      Category 3    0.080         1117.000
    P87
      Category 1    0.673         9434.000
      Category 2    0.244         3421.000
      Category 3    0.083         1159.000
    P90
      Category 1    0.928        13006.000
      Category 2    0.063          889.000
      Category 3    0.008          119.000
    P96
      Category 1    0.285         3988.000
      Category 2    0.291         4079.000
      Category 3    0.424         5947.000



THE MODEL ESTIMATION TERMINATED NORMALLY



MODEL FIT INFORMATION

Number of Free Parameters                       41

Loglikelihood

          H0 Value                     -132630.703
          H0 Scaling Correction Factor      1.0027
            for MLR

Information Criteria

          Akaike (AIC)                  265343.407
          Bayesian (BIC)                265652.867
          Sample-Size Adjusted BIC      265522.573
            (n* = (n + 2) / 24)

Chi-Square Test of Model Fit for the Binary and Ordered Categorical
(Ordinal) Outcomes**

          Pearson Chi-Square

          Value                          91024.463
          Degrees of Freedom                353561
          P-Value                           1.0000

          Likelihood Ratio Chi-Square

          Value                          29527.546
          Degrees of Freedom                353561
          P-Value                           1.0000

** Of the 177147 cells in the latent class indicator table, 332
   were deleted in the calculation of chi-square due to extreme values.



FINAL CLASS COUNTS AND PROPORTIONS FOR THE LATENT CLASSES
BASED ON THE ESTIMATED MODEL

    Latent
   Classes

       1       7007.00000          0.50000
       2       7007.00000          0.50000


MODEL RESULTS

                                                    Two-Tailed
                    Estimate       S.E.  Est./S.E.    P-Value

Latent Class 1 (0)

 ETA      BY
    P10                1.000      0.000    999.000    999.000
    P33                1.000      0.000    999.000    999.000
    P37                1.000      0.000    999.000    999.000
    P43                1.000      0.000    999.000    999.000
    P47                1.000      0.000    999.000    999.000
    P50                1.000      0.000    999.000    999.000
    P68                1.000      0.000    999.000    999.000
    P73                1.000      0.000    999.000    999.000
    P87                1.000      0.000    999.000    999.000
    P90                1.000      0.000    999.000    999.000
    P96                1.000      0.000    999.000    999.000

 Means
    ETA                0.000      0.000    999.000    999.000

 Thresholds
    P10$1             -1.521      0.034    -44.896      0.000
    P10$2              0.022      0.029      0.759      0.448
    P33$1             -0.032      0.029     -1.096      0.273
    P33$2              1.190      0.032     37.085      0.000
    P37$1             -0.508      0.030    -16.991      0.000
    P37$2              0.743      0.030     24.481      0.000
    P43$1              2.124      0.032     65.787      0.000
    P43$2              4.021      0.054     74.365      0.000
    P47$1              0.226      0.030      7.646      0.000
    P47$2              1.718      0.035     48.605      0.000
    P50$1              1.762      0.036     48.677      0.000
    P50$2              3.020      0.051     59.655      0.000
    P68$1             -0.163      0.027     -6.052      0.000
    P68$2              1.825      0.031     59.623      0.000
    P73$1              0.924      0.031     29.503      0.000
    P73$2              3.102      0.052     60.086      0.000
    P87$1              0.935      0.031     29.862      0.000
    P87$2              2.899      0.048     60.648      0.000
    P90$1              3.051      0.040     75.993      0.000
    P90$2              5.382      0.095     56.557      0.000
    P96$1             -1.385      0.033    -41.813      0.000
    P96$2              0.053      0.029      1.797      0.072

 Variances
    ETA                1.247      0.025     50.796      0.000

Latent Class 2 (1)

 ETA      BY
    P10                1.000      0.000    999.000    999.000
    P33                1.000      0.000    999.000    999.000
    P37                1.000      0.000    999.000    999.000
    P43                1.000      0.000    999.000    999.000
    P47                1.000      0.000    999.000    999.000
    P50                1.000      0.000    999.000    999.000
    P68                1.000      0.000    999.000    999.000
    P73                1.000      0.000    999.000    999.000
    P87                1.000      0.000    999.000    999.000
    P90                1.000      0.000    999.000    999.000
    P96                1.000      0.000    999.000    999.000

 Means
    ETA                0.012      0.034      0.361      0.718

 Thresholds
    P10$1             -0.924      0.042    -21.920      0.000
    P10$2              0.856      0.042     20.434      0.000
    P33$1              0.059      0.041      1.458      0.145
    P33$2              1.493      0.043     34.475      0.000
    P37$1              0.353      0.042      8.493      0.000
    P37$2              1.612      0.044     36.351      0.000
    P43$1              2.124      0.032     65.787      0.000
    P43$2              4.021      0.054     74.365      0.000
    P47$1              0.531      0.041     12.974      0.000
    P47$2              2.221      0.048     46.710      0.000
    P50$1              1.431      0.044     32.180      0.000
    P50$2              2.749      0.054     51.137      0.000
    P68$1             -0.163      0.027     -6.052      0.000
    P68$2              1.825      0.031     59.623      0.000
    P73$1              0.670      0.037     17.905      0.000
    P73$2              2.768      0.049     56.175      0.000
    P87$1              0.841      0.040     21.243      0.000
    P87$2              2.890      0.052     55.446      0.000
    P90$1              3.051      0.040     75.993      0.000
    P90$2              5.382      0.095     56.557      0.000
    P96$1             -0.868      0.043    -20.288      0.000
    P96$2              0.739      0.043     17.266      0.000

 Variances
    ETA                1.247      0.025     50.796      0.000

Categorical Latent Variables

 Means
    C#1                0.000      0.017      0.000      1.000


QUALITY OF NUMERICAL RESULTS

     Condition Number for the Information Matrix              0.428E-02
       (ratio of smallest to largest eigenvalue)


RESULTS IN PROBABILITY SCALE

                    Estimate

Latent Class 1 (0)

 P10
    Category 1         0.226
    Category 2         0.278
    Category 3         0.496
 P33
    Category 1         0.494
    Category 2         0.229
    Category 3         0.277
 P37
    Category 1         0.400
    Category 2         0.245
    Category 3         0.356
 P43
    Category 1         0.851
    Category 2         0.119
    Category 3         0.030
 P47
    Category 1         0.545
    Category 2         0.257
    Category 3         0.198
 P50
    Category 1         0.807
    Category 2         0.119
    Category 3         0.074
 P68
    Category 1         0.468
    Category 2         0.348
    Category 3         0.184
 P73
    Category 1         0.677
    Category 2         0.254
    Category 3         0.069
 P87
    Category 1         0.679
    Category 2         0.239
    Category 3         0.081
 P90
    Category 1         0.928
    Category 2         0.063
    Category 3         0.008
 P96
    Category 1         0.246
    Category 2         0.264
    Category 3         0.489

Latent Class 2 (1)

 P10
    Category 1         0.321
    Category 2         0.342
    Category 3         0.337
 P33
    Category 1         0.509
    Category 2         0.259
    Category 3         0.232
 P37
    Category 1         0.568
    Category 2         0.218
    Category 3         0.215
 P43
    Category 1         0.850
    Category 2         0.120
    Category 3         0.031
 P47
    Category 1         0.602
    Category 2         0.258
    Category 3         0.140
 P50
    Category 1         0.759
    Category 2         0.148
    Category 3         0.093
 P68
    Category 1         0.465
    Category 2         0.349
    Category 3         0.186
 P73
    Category 1         0.628
    Category 2         0.280
    Category 3         0.092
 P87
    Category 1         0.660
    Category 2         0.257
    Category 3         0.083
 P90
    Category 1         0.928
    Category 2         0.064
    Category 3         0.008
 P96
    Category 1         0.331
    Category 2         0.311
    Category 3         0.359


LATENT CLASS INDICATOR ODDS RATIOS FOR THE LATENT CLASSES

                                                95% C.I.
                    Estimate       S.E.  Lower 2.5% Upper 2.5%

Latent Class 1 Compared to Latent Class 2

 P10
    Category > 1       1.794      0.083      1.638      1.964
    Category > 2       2.274      0.098      2.090      2.473
 P33
    Category > 1       1.082      0.046      0.997      1.176
    Category > 2       1.339      0.062      1.222      1.467
 P37
    Category > 1       2.337      0.100      2.150      2.541
    Category > 2       2.357      0.108      2.153      2.579
 P43
    Category > 1       0.988      0.034      0.924      1.056
    Category > 2       0.988      0.034      0.924      1.056
 P47
    Category > 1       1.340      0.057      1.232      1.456
    Category > 2       1.634      0.086      1.473      1.812
 P50
    Category > 1       0.709      0.035      0.644      0.781
    Category > 2       0.754      0.051      0.659      0.861
 P68
    Category > 1       0.988      0.034      0.924      1.056
    Category > 2       0.988      0.034      0.924      1.056
 P73
    Category > 1       0.766      0.034      0.702      0.835
    Category > 2       0.708      0.049      0.619      0.810
 P87
    Category > 1       0.899      0.040      0.824      0.981
    Category > 2       0.979      0.066      0.858      1.117
 P90
    Category > 1       0.988      0.034      0.924      1.056
    Category > 2       0.988      0.034      0.924      1.056
 P96
    Category > 1       1.657      0.075      1.516      1.812
    Category > 2       1.962      0.084      1.804      2.133


CONFIDENCE INTERVALS OF MODEL RESULTS

                  Lower .5%  Lower 2.5%    Lower 5%    Estimate    Upper 5%  Upper 2.5%   Upper .5%

Latent Class 1 (0)

 ETA      BY
    P10              1.000       1.000       1.000       1.000       1.000       1.000       1.000
    P33              1.000       1.000       1.000       1.000       1.000       1.000       1.000
    P37              1.000       1.000       1.000       1.000       1.000       1.000       1.000
    P43              1.000       1.000       1.000       1.000       1.000       1.000       1.000
    P47              1.000       1.000       1.000       1.000       1.000       1.000       1.000
    P50              1.000       1.000       1.000       1.000       1.000       1.000       1.000
    P68              1.000       1.000       1.000       1.000       1.000       1.000       1.000
    P73              1.000       1.000       1.000       1.000       1.000       1.000       1.000
    P87              1.000       1.000       1.000       1.000       1.000       1.000       1.000
    P90              1.000       1.000       1.000       1.000       1.000       1.000       1.000
    P96              1.000       1.000       1.000       1.000       1.000       1.000       1.000

 Means
    ETA              0.000       0.000       0.000       0.000       0.000       0.000       0.000

 Thresholds
    P10$1           -1.608      -1.587      -1.577      -1.521      -1.465      -1.454      -1.434
    P10$2           -0.053      -0.035      -0.026       0.022       0.071       0.080       0.098
    P33$1           -0.108      -0.090      -0.081      -0.032       0.016       0.025       0.044
    P33$2            1.107       1.127       1.137       1.190       1.242       1.252       1.272
    P37$1           -0.585      -0.567      -0.557      -0.508      -0.459      -0.449      -0.431
    P37$2            0.665       0.683       0.693       0.743       0.793       0.802       0.821
    P43$1            2.041       2.061       2.071       2.124       2.177       2.187       2.207
    P43$2            3.882       3.915       3.932       4.021       4.110       4.127       4.161
    P47$1            0.150       0.168       0.177       0.226       0.275       0.284       0.302
    P47$2            1.627       1.649       1.660       1.718       1.776       1.788       1.809
    P50$1            1.669       1.691       1.702       1.762       1.822       1.833       1.855
    P50$2            2.889       2.921       2.937       3.020       3.103       3.119       3.150
    P68$1           -0.232      -0.215      -0.207      -0.163      -0.118      -0.110      -0.093
    P68$2            1.746       1.765       1.775       1.825       1.875       1.885       1.904
    P73$1            0.844       0.863       0.873       0.924       0.976       0.986       1.005
    P73$2            2.969       3.001       3.017       3.102       3.187       3.203       3.235
    P87$1            0.854       0.874       0.884       0.935       0.987       0.996       1.016
    P87$2            2.776       2.805       2.821       2.899       2.978       2.993       3.022
    P90$1            2.947       2.972       2.985       3.051       3.117       3.129       3.154
    P90$2            5.137       5.196       5.226       5.382       5.539       5.569       5.627
    P96$1           -1.470      -1.450      -1.440      -1.385      -1.331      -1.320      -1.300
    P96$2           -0.023      -0.005       0.004       0.053       0.101       0.111       0.129

 Variances
    ETA              1.184       1.199       1.206       1.247       1.287       1.295       1.310

Latent Class 2 (1)

 ETA      BY
    P10              1.000       1.000       1.000       1.000       1.000       1.000       1.000
    P33              1.000       1.000       1.000       1.000       1.000       1.000       1.000
    P37              1.000       1.000       1.000       1.000       1.000       1.000       1.000
    P43              1.000       1.000       1.000       1.000       1.000       1.000       1.000
    P47              1.000       1.000       1.000       1.000       1.000       1.000       1.000
    P50              1.000       1.000       1.000       1.000       1.000       1.000       1.000
    P68              1.000       1.000       1.000       1.000       1.000       1.000       1.000
    P73              1.000       1.000       1.000       1.000       1.000       1.000       1.000
    P87              1.000       1.000       1.000       1.000       1.000       1.000       1.000
    P90              1.000       1.000       1.000       1.000       1.000       1.000       1.000
    P96              1.000       1.000       1.000       1.000       1.000       1.000       1.000

 Means
    ETA             -0.075      -0.054      -0.044       0.012       0.068       0.079       0.100

 Thresholds
    P10$1           -1.033      -1.007      -0.994      -0.924      -0.855      -0.842      -0.816
    P10$2            0.748       0.774       0.787       0.856       0.925       0.938       0.964
    P33$1           -0.045      -0.020      -0.008       0.059       0.126       0.139       0.164
    P33$2            1.382       1.409       1.422       1.493       1.565       1.578       1.605
    P37$1            0.246       0.272       0.285       0.353       0.422       0.435       0.460
    P37$2            1.498       1.525       1.539       1.612       1.685       1.699       1.727
    P43$1            2.041       2.061       2.071       2.124       2.177       2.187       2.207
    P43$2            3.882       3.915       3.932       4.021       4.110       4.127       4.161
    P47$1            0.425       0.450       0.463       0.531       0.598       0.611       0.636
    P47$2            2.099       2.128       2.143       2.221       2.300       2.315       2.344
    P50$1            1.316       1.344       1.358       1.431       1.504       1.518       1.545
    P50$2            2.611       2.644       2.661       2.749       2.838       2.855       2.888
    P68$1           -0.232      -0.215      -0.207      -0.163      -0.118      -0.110      -0.093
    P68$2            1.746       1.765       1.775       1.825       1.875       1.885       1.904
    P73$1            0.573       0.596       0.608       0.670       0.731       0.743       0.766
    P73$2            2.642       2.672       2.687       2.768       2.850       2.865       2.895
    P87$1            0.739       0.763       0.776       0.841       0.906       0.918       0.943
    P87$2            2.756       2.788       2.805       2.890       2.976       2.993       3.025
    P90$1            2.947       2.972       2.985       3.051       3.117       3.129       3.154
    P90$2            5.137       5.196       5.226       5.382       5.539       5.569       5.627
    P96$1           -0.978      -0.952      -0.938      -0.868      -0.797      -0.784      -0.758
    P96$2            0.629       0.655       0.668       0.739       0.809       0.823       0.849

 Variances
    ETA              1.184       1.199       1.206       1.247       1.287       1.295       1.310

Categorical Latent Variables

 Means
    C#1             -0.044      -0.033      -0.028       0.000       0.028       0.033       0.044


CONFIDENCE INTERVALS FOR THE LATENT CLASS ODDS RATIO RESULTS

Latent Class 1 Compared to Latent Class 2

 P10
    Category > 1     1.592       1.638       1.662       1.794       1.935       1.964       2.020
    Category > 2     2.036       2.090       2.119       2.274       2.440       2.473       2.540
 P33
    Category > 1     0.971       0.997       1.010       1.082       1.160       1.176       1.207
    Category > 2     1.187       1.222       1.240       1.339       1.445       1.467       1.509
 P37
    Category > 1     2.094       2.150       2.179       2.337       2.507       2.541       2.609
    Category > 2     2.093       2.153       2.185       2.357       2.542       2.579       2.653
 P43
    Category > 1     0.905       0.924       0.934       0.988       1.045       1.056       1.078
    Category > 2     0.905       0.924       0.934       0.988       1.045       1.056       1.078
 P47
    Category > 1     1.201       1.232       1.249       1.340       1.437       1.456       1.495
    Category > 2     1.426       1.473       1.498       1.634       1.782       1.812       1.872
 P50
    Category > 1     0.625       0.644       0.654       0.709       0.769       0.781       0.806
    Category > 2     0.632       0.659       0.674       0.754       0.843       0.861       0.898
 P68
    Category > 1     0.905       0.924       0.934       0.988       1.045       1.056       1.078
    Category > 2     0.905       0.924       0.934       0.988       1.045       1.056       1.078
 P73
    Category > 1     0.684       0.702       0.712       0.766       0.823       0.835       0.858
    Category > 2     0.593       0.619       0.632       0.708       0.793       0.810       0.845
 P87
    Category > 1     0.802       0.824       0.836       0.899       0.967       0.981       1.008
    Category > 2     0.824       0.858       0.877       0.979       1.093       1.117       1.164
 P90
    Category > 1     0.905       0.924       0.934       0.988       1.045       1.056       1.078
    Category > 2     0.905       0.924       0.934       0.988       1.045       1.056       1.078
 P96
    Category > 1     1.474       1.516       1.538       1.657       1.786       1.812       1.863
    Category > 2     1.757       1.804       1.828       1.962       2.105       2.133       2.190


RESIDUAL OUTPUT


     RESIDUAL OUTPUT IS NOT AVAILABLE FOR THIS MODEL.  ADDITIONAL OUTPUT FOR
     CATEGORICAL, COUNT, AND NOMINAL VARIABLES MAY BE AVAILABLE USING TECH10.


SAMPLE STATISTICS FOR ESTIMATED FACTOR SCORES


     SAMPLE STATISTICS


           Means
              ETA
              ________
                0.006


           Covariances
              ETA
              ________
 ETA            0.899


           Correlations
              ETA
              ________
 ETA            1.000


SAVEDATA INFORMATION


  Save file
    grm_04_scaled_eta.dat

  Order and format of variables

    P10            F10.3
    P33            F10.3
    P37            F10.3
    P43            F10.3
    P47            F10.3
    P50            F10.3
    P68            F10.3
    P73            F10.3
    P87            F10.3
    P90            F10.3
    P96            F10.3
    ETA            F10.3
    ID_I           I7
    TIME           I2

  Save file format
    12F10.3 I7 I2

  Save file record length    10000

  Save missing symbol        *


     Beginning Time:  02:15:28
        Ending Time:  02:15:31
       Elapsed Time:  00:00:03



MUTHEN & MUTHEN
3463 Stoner Ave.
Los Angeles, CA  90066

Tel: (310) 391-9971
Fax: (310) 391-8971
Web: www.StatModel.com
Support: Support@StatModel.com

Copyright (c) 1998-2023 Muthen & Muthen
